#
# A fatal error has been detected by the Java Runtime Environment:
#
#  EXCEPTION_ACCESS_VIOLATION (0xc0000005) at pc=0x00000000664713d3, pid=7360, tid=0x0000000000001244
#
# JRE version: Java(TM) SE Runtime Environment (8.0_291-b10) (build 1.8.0_291-b10)
# Java VM: Java HotSpot(TM) 64-Bit Server VM (25.291-b10 mixed mode windows-amd64 compressed oops)
# Problematic frame:
# V  [jvm.dll+0x4e13d3]
#
# Failed to write core dump. Minidumps are not enabled by default on client versions of Windows
#
# If you would like to submit a bug report, please visit:
#   http://bugreport.java.com/bugreport/crash.jsp
#

---------------  T H R E A D  ---------------

Current thread (0x00000222e21b1800):  JavaThread "C2 CompilerThread1" daemon [_thread_in_native, id=4676, stack(0x000000e075e00000,0x000000e075f00000)]

siginfo: ExceptionCode=0xc0000005, reading address 0xffffffffffffffff

Registers:
RAX=0x00000222e4dedea0, RBX=0x00000000000000be, RCX=0x0000000000000006, RDX=0x000000000000049e
RSP=0x000000e075efad40, RBP=0x000000e075efae40, RSI=0x000000e075efb230, RDI=0x00000000000005f0
R8 =0x00000222e61c34c0, R9 =0x0000000000000100, R10=0x0000000000000008, R11=0x0000000000000100
R12=0x00000222e4db39d0, R13=0x00000222e5c5a570, R14=0x00040222e5c58060, R15=0x0000000000000010
RIP=0x00000000664713d3, EFLAGS=0x0000000000010206

Top of Stack: (sp=0x000000e075efad40)
0x000000e075efad40:   00000222e33af348 00000222e4db3990
0x000000e075efad50:   000000e075efae40 00000222e690e190
0x000000e075efad60:   00000222e4db39d0 00000222e4db3990
0x000000e075efad70:   00000222000000cd 000000e0000000cc
0x000000e075efad80:   00000222e4db3990 00000222e690e190
0x000000e075efad90:   00000222e4deddd8 0000004000000014
0x000000e075efada0:   0000000000000000 000000e000000007
0x000000e075efadb0:   00000222e223beb0 00000222e5fd98d0
0x000000e075efadc0:   0000125400000253 000000000000049e
0x000000e075efadd0:   0000000000000000 0000000000000000
0x000000e075efade0:   0000000000000000 0000000000000000
0x000000e075efadf0:   0000000000000000 00000222e49a7fe0
0x000000e075efae00:   00000222e5fd6c80 0000000000000000
0x000000e075efae10:   000000e075efb230 00000000663c7f02
0x000000e075efae20:   00000222e6263880 000000000000752f
0x000000e075efae30:   00000222e1a4dd50 00000222e5cd6ed0 

Instructions: (pc=0x00000000664713d3)
0x00000000664713b3:   cd 15 00 ba 89 02 00 00 4c 8d 05 9e cc 15 00 48
0x00000000664713c3:   8d 0d b7 cc 15 00 e8 a2 b6 d8 ff e8 1d d9 da ff
0x00000000664713d3:   49 63 4e 28 48 8b 86 28 01 00 00 8b 14 88 85 d2
0x00000000664713e3:   0f 84 9a 01 00 00 48 8b 46 70 48 89 55 88 4c 8b 


Register to memory mapping:

RAX=0x00000222e4dedea0 is an unknown value
RBX=0x00000000000000be is an unknown value
RCX=0x0000000000000006 is an unknown value
RDX=0x000000000000049e is an unknown value
RSP=0x000000e075efad40 is pointing into the stack for thread: 0x00000222e21b1800
RBP=0x000000e075efae40 is pointing into the stack for thread: 0x00000222e21b1800
RSI=0x000000e075efb230 is pointing into the stack for thread: 0x00000222e21b1800
RDI=0x00000000000005f0 is an unknown value
R8 =0x00000222e61c34c0 is an unknown value
R9 =0x0000000000000100 is an unknown value
R10=0x0000000000000008 is an unknown value
R11=0x0000000000000100 is an unknown value
R12=0x00000222e4db39d0 is an unknown value
R13=0x00000222e5c5a570 is an unknown value
R14=0x00040222e5c58060 is an unknown value
R15=0x0000000000000010 is an unknown value


Stack: [0x000000e075e00000,0x000000e075f00000],  sp=0x000000e075efad40,  free space=1003k
Native frames: (J=compiled Java code, j=interpreted, Vv=VM code, C=native code)
V  [jvm.dll+0x4e13d3]
V  [jvm.dll+0x437aa2]
V  [jvm.dll+0x440855]
V  [jvm.dll+0x43fc15]
V  [jvm.dll+0x42aa57]
V  [jvm.dll+0xabeeb]
V  [jvm.dll+0xaa54b]
V  [jvm.dll+0x23db02]
V  [jvm.dll+0x29210c]
C  [ucrtbase.dll+0x21bb2]
C  [KERNEL32.DLL+0x17034]
C  [ntdll.dll+0x52651]


Current CompileTask:
C2:  13113 3345       4       org.springframework.boot.context.properties.source.SpringConfigurationPropertySources$SourcesIterator::fetchNext (138 bytes)


---------------  P R O C E S S  ---------------

Java Threads: ( => current thread )
  0x00000222e2e64000 JavaThread "surefire-forkedjvm-ping-30s" daemon [_thread_blocked, id=5180, stack(0x000000e076300000,0x000000e076400000)]
  0x00000222e2dc9000 JavaThread "surefire-forkedjvm-command-thread" daemon [_thread_in_native, id=7452, stack(0x000000e076200000,0x000000e076300000)]
  0x00000222e222d000 JavaThread "Service Thread" daemon [_thread_blocked, id=6264, stack(0x000000e076000000,0x000000e076100000)]
  0x00000222e21b0000 JavaThread "C1 CompilerThread2" daemon [_thread_in_vm, id=7940, stack(0x000000e075f00000,0x000000e076000000)]
=>0x00000222e21b1800 JavaThread "C2 CompilerThread1" daemon [_thread_in_native, id=4676, stack(0x000000e075e00000,0x000000e075f00000)]
  0x00000222e21aa000 JavaThread "C2 CompilerThread0" daemon [_thread_in_native, id=3460, stack(0x000000e075d00000,0x000000e075e00000)]
  0x00000222e21a8000 JavaThread "Attach Listener" daemon [_thread_blocked, id=2736, stack(0x000000e075c00000,0x000000e075d00000)]
  0x00000222e21a7000 JavaThread "Signal Dispatcher" daemon [_thread_blocked, id=7780, stack(0x000000e075b00000,0x000000e075c00000)]
  0x00000222e1a4c000 JavaThread "Finalizer" daemon [_thread_blocked, id=11568, stack(0x000000e075a00000,0x000000e075b00000)]
  0x00000222e2186000 JavaThread "Reference Handler" daemon [_thread_blocked, id=6492, stack(0x000000e075900000,0x000000e075a00000)]
  0x00000222cc372800 JavaThread "main" [_thread_in_vm, id=12280, stack(0x000000e075300000,0x000000e075400000)]

Other Threads:
  0x00000222e2163800 VMThread [stack: 0x000000e075800000,0x000000e075900000] [id=3192]
  0x00000222e225f800 WatcherThread [stack: 0x000000e076100000,0x000000e076200000] [id=11240]

VM state:not at safepoint (normal execution)

VM Mutex/Monitor currently owned by a thread: None

heap address: 0x0000000090e00000, size: 1778 MB, Compressed Oops mode: 32-bit
Narrow klass base: 0x0000000000000000, Narrow klass shift: 3
Compressed class space size: 1073741824 Address: 0x0000000100000000

Heap:
 PSYoungGen      total 94208K, used 18869K [0x00000000daf80000, 0x00000000e1800000, 0x0000000100000000)
  eden space 82944K, 22% used [0x00000000daf80000,0x00000000dc1ed7e8,0x00000000e0080000)
  from space 11264K, 0% used [0x00000000e0b80000,0x00000000e0b80000,0x00000000e1680000)
  to   space 11264K, 0% used [0x00000000e0080000,0x00000000e0080000,0x00000000e0b80000)
 ParOldGen       total 79872K, used 12155K [0x0000000090e00000, 0x0000000095c00000, 0x00000000daf80000)
  object space 79872K, 15% used [0x0000000090e00000,0x00000000919ded90,0x0000000095c00000)
 Metaspace       used 33913K, capacity 36750K, committed 36912K, reserved 1081344K
  class space    used 4653K, capacity 5131K, committed 5168K, reserved 1048576K

Card table byte_map: [0x00000222dd060000,0x00000222dd3e0000] byte_map_base: 0x00000222dcbd9000

Marking Bits: (ParMarkBitMap*) 0x0000000066777fe0
 Begin Bits: [0x00000222dd640000, 0x00000222df208000)
 End Bits:   [0x00000222df208000, 0x00000222e0dd0000)

Polling page: 0x00000222cc450000

CodeCache: size=245760Kb used=11872Kb max_used=11896Kb free=233887Kb
 bounds [0x00000222cdca0000, 0x00000222ce850000, 0x00000222dcca0000]
 total_blobs=3586 nmethods=3189 adapters=308
 compilation: enabled

Compilation events (10 events):
Event: 12.907 Thread 0x00000222e21b0000 3385       3       sun.reflect.ByteVectorImpl::put (27 bytes)
Event: 12.908 Thread 0x00000222e21b0000 nmethod 3385 0x00000222cddc7110 code [0x00000222cddc7280, 0x00000222cddc74b0]
Event: 13.021 Thread 0x00000222e21b0000 3386       3       sun.misc.URLClassPath$1::next (63 bytes)
Event: 13.022 Thread 0x00000222e21b0000 nmethod 3386 0x00000222cddc6990 code [0x00000222cddc6b20, 0x00000222cddc6f60]
Event: 13.037 Thread 0x00000222e21b0000 3387       3       java.nio.CharBuffer::array (35 bytes)
Event: 13.038 Thread 0x00000222e21b0000 nmethod 3387 0x00000222cde43810 code [0x00000222cde439a0, 0x00000222cde43cc0]
Event: 13.063 Thread 0x00000222e21b0000 3388       3       org.springframework.aop.support.AopUtils::isAopProxy (38 bytes)
Event: 13.064 Thread 0x00000222e21b0000 nmethod 3388 0x00000222cde351d0 code [0x00000222cde353a0, 0x00000222cde35d70]
Event: 13.064 Thread 0x00000222e21b0000 3389       1       org.mockito.internal.configuration.plugins.PluginRegistry::getMockResolvers (5 bytes)
Event: 13.065 Thread 0x00000222e21b0000 nmethod 3389 0x00000222cdf6bf90 code [0x00000222cdf6c0e0, 0x00000222cdf6c1f8]

GC Heap History (10 events):
Event: 8.188 GC heap before
{Heap before GC invocations=8 (full 1):
 PSYoungGen      total 51712K, used 46920K [0x00000000daf80000, 0x00000000deb00000, 0x0000000100000000)
  eden space 43008K, 100% used [0x00000000daf80000,0x00000000dd980000,0x00000000dd980000)
  from space 8704K, 44% used [0x00000000de200000,0x00000000de5d2128,0x00000000dea80000)
  to   space 8704K, 0% used [0x00000000dd980000,0x00000000dd980000,0x00000000de200000)
 ParOldGen       total 54272K, used 7593K [0x0000000090e00000, 0x0000000094300000, 0x00000000daf80000)
  object space 54272K, 13% used [0x0000000090e00000,0x000000009156a4c0,0x0000000094300000)
 Metaspace       used 27618K, capacity 30008K, committed 30256K, reserved 1075200K
  class space    used 3652K, capacity 4092K, committed 4144K, reserved 1048576K
Event: 8.203 GC heap after
Heap after GC invocations=8 (full 1):
 PSYoungGen      total 51712K, used 6143K [0x00000000daf80000, 0x00000000dff00000, 0x0000000100000000)
  eden space 43008K, 0% used [0x00000000daf80000,0x00000000daf80000,0x00000000dd980000)
  from space 8704K, 70% used [0x00000000dd980000,0x00000000ddf7fda0,0x00000000de200000)
  to   space 8704K, 0% used [0x00000000df680000,0x00000000df680000,0x00000000dff00000)
 ParOldGen       total 54272K, used 7601K [0x0000000090e00000, 0x0000000094300000, 0x00000000daf80000)
  object space 54272K, 14% used [0x0000000090e00000,0x000000009156c4c0,0x0000000094300000)
 Metaspace       used 27618K, capacity 30008K, committed 30256K, reserved 1075200K
  class space    used 3652K, capacity 4092K, committed 4144K, reserved 1048576K
}
Event: 9.276 GC heap before
{Heap before GC invocations=9 (full 1):
 PSYoungGen      total 51712K, used 49151K [0x00000000daf80000, 0x00000000dff00000, 0x0000000100000000)
  eden space 43008K, 100% used [0x00000000daf80000,0x00000000dd980000,0x00000000dd980000)
  from space 8704K, 70% used [0x00000000dd980000,0x00000000ddf7fda0,0x00000000de200000)
  to   space 8704K, 0% used [0x00000000df680000,0x00000000df680000,0x00000000dff00000)
 ParOldGen       total 54272K, used 7601K [0x0000000090e00000, 0x0000000094300000, 0x00000000daf80000)
  object space 54272K, 14% used [0x0000000090e00000,0x000000009156c4c0,0x0000000094300000)
 Metaspace       used 28896K, capacity 31396K, committed 31408K, reserved 1077248K
  class space    used 3823K, capacity 4266K, committed 4272K, reserved 1048576K
Event: 9.298 GC heap after
Heap after GC invocations=9 (full 1):
 PSYoungGen      total 72192K, used 7566K [0x00000000daf80000, 0x00000000e0180000, 0x0000000100000000)
  eden space 63488K, 0% used [0x00000000daf80000,0x00000000daf80000,0x00000000ded80000)
  from space 8704K, 86% used [0x00000000df680000,0x00000000dfde3850,0x00000000dff00000)
  to   space 9216K, 0% used [0x00000000ded80000,0x00000000ded80000,0x00000000df680000)
 ParOldGen       total 54272K, used 7609K [0x0000000090e00000, 0x0000000094300000, 0x00000000daf80000)
  object space 54272K, 14% used [0x0000000090e00000,0x000000009156e4c0,0x0000000094300000)
 Metaspace       used 28896K, capacity 31396K, committed 31408K, reserved 1077248K
  class space    used 3823K, capacity 4266K, committed 4272K, reserved 1048576K
}
Event: 11.271 GC heap before
{Heap before GC invocations=10 (full 1):
 PSYoungGen      total 72192K, used 71054K [0x00000000daf80000, 0x00000000e0180000, 0x0000000100000000)
  eden space 63488K, 100% used [0x00000000daf80000,0x00000000ded80000,0x00000000ded80000)
  from space 8704K, 86% used [0x00000000df680000,0x00000000dfde3850,0x00000000dff00000)
  to   space 9216K, 0% used [0x00000000ded80000,0x00000000ded80000,0x00000000df680000)
 ParOldGen       total 54272K, used 7609K [0x0000000090e00000, 0x0000000094300000, 0x00000000daf80000)
  object space 54272K, 14% used [0x0000000090e00000,0x000000009156e4c0,0x0000000094300000)
 Metaspace       used 31128K, capacity 33812K, committed 34096K, reserved 1079296K
  class space    used 4157K, capacity 4614K, committed 4656K, reserved 1048576K
Event: 11.291 GC heap after
Heap after GC invocations=10 (full 1):
 PSYoungGen      total 72704K, used 9184K [0x00000000daf80000, 0x00000000e1680000, 0x0000000100000000)
  eden space 63488K, 0% used [0x00000000daf80000,0x00000000daf80000,0x00000000ded80000)
  from space 9216K, 99% used [0x00000000ded80000,0x00000000df678020,0x00000000df680000)
  to   space 11264K, 0% used [0x00000000e0b80000,0x00000000e0b80000,0x00000000e1680000)
 ParOldGen       total 54272K, used 9423K [0x0000000090e00000, 0x0000000094300000, 0x00000000daf80000)
  object space 54272K, 17% used [0x0000000090e00000,0x0000000091733c58,0x0000000094300000)
 Metaspace       used 31128K, capacity 33812K, committed 34096K, reserved 1079296K
  class space    used 4157K, capacity 4614K, committed 4656K, reserved 1048576K
}
Event: 12.513 GC heap before
{Heap before GC invocations=11 (full 1):
 PSYoungGen      total 72704K, used 59044K [0x00000000daf80000, 0x00000000e1680000, 0x0000000100000000)
  eden space 63488K, 78% used [0x00000000daf80000,0x00000000de031010,0x00000000ded80000)
  from space 9216K, 99% used [0x00000000ded80000,0x00000000df678020,0x00000000df680000)
  to   space 11264K, 0% used [0x00000000e0b80000,0x00000000e0b80000,0x00000000e1680000)
 ParOldGen       total 54272K, used 9423K [0x0000000090e00000, 0x0000000094300000, 0x00000000daf80000)
  object space 54272K, 17% used [0x0000000090e00000,0x0000000091733c58,0x0000000094300000)
 Metaspace       used 32609K, capacity 35410K, committed 35496K, reserved 1079296K
  class space    used 4389K, capacity 4863K, committed 4912K, reserved 1048576K
Event: 12.540 GC heap after
Heap after GC invocations=11 (full 1):
 PSYoungGen      total 94208K, used 8360K [0x00000000daf80000, 0x00000000e1800000, 0x0000000100000000)
  eden space 82944K, 0% used [0x00000000daf80000,0x00000000daf80000,0x00000000e0080000)
  from space 11264K, 74% used [0x00000000e0b80000,0x00000000e13aa038,0x00000000e1680000)
  to   space 11264K, 0% used [0x00000000e0080000,0x00000000e0080000,0x00000000e0b80000)
 ParOldGen       total 54272K, used 9423K [0x0000000090e00000, 0x0000000094300000, 0x00000000daf80000)
  object space 54272K, 17% used [0x0000000090e00000,0x0000000091733c58,0x0000000094300000)
 Metaspace       used 32609K, capacity 35410K, committed 35496K, reserved 1079296K
  class space    used 4389K, capacity 4863K, committed 4912K, reserved 1048576K
}
Event: 12.540 GC heap before
{Heap before GC invocations=12 (full 2):
 PSYoungGen      total 94208K, used 8360K [0x00000000daf80000, 0x00000000e1800000, 0x0000000100000000)
  eden space 82944K, 0% used [0x00000000daf80000,0x00000000daf80000,0x00000000e0080000)
  from space 11264K, 74% used [0x00000000e0b80000,0x00000000e13aa038,0x00000000e1680000)
  to   space 11264K, 0% used [0x00000000e0080000,0x00000000e0080000,0x00000000e0b80000)
 ParOldGen       total 54272K, used 9423K [0x0000000090e00000, 0x0000000094300000, 0x00000000daf80000)
  object space 54272K, 17% used [0x0000000090e00000,0x0000000091733c58,0x0000000094300000)
 Metaspace       used 32609K, capacity 35410K, committed 35496K, reserved 1079296K
  class space    used 4389K, capacity 4863K, committed 4912K, reserved 1048576K
Event: 12.671 GC heap after
Heap after GC invocations=12 (full 2):
 PSYoungGen      total 94208K, used 0K [0x00000000daf80000, 0x00000000e1800000, 0x0000000100000000)
  eden space 82944K, 0% used [0x00000000daf80000,0x00000000daf80000,0x00000000e0080000)
  from space 11264K, 0% used [0x00000000e0b80000,0x00000000e0b80000,0x00000000e1680000)
  to   space 11264K, 0% used [0x00000000e0080000,0x00000000e0080000,0x00000000e0b80000)
 ParOldGen       total 79872K, used 12155K [0x0000000090e00000, 0x0000000095c00000, 0x00000000daf80000)
  object space 79872K, 15% used [0x0000000090e00000,0x00000000919ded90,0x0000000095c00000)
 Metaspace       used 32609K, capacity 35410K, committed 35496K, reserved 1079296K
  class space    used 4389K, capacity 4863K, committed 4912K, reserved 1048576K
}

Deoptimization events (10 events):
Event: 8.277 Thread 0x00000222cc372800 Uncommon trap: reason=unstable_if action=reinterpret pc=0x00000222ce3cc890 method=org.springframework.util.ConcurrentReferenceHashMap$Segment.findInChain(Lorg/springframework/util/ConcurrentReferenceHashMap$Reference;Ljava/lang/Object;I)Lorg/springframewo
Event: 8.277 Thread 0x00000222cc372800 Uncommon trap: reason=unstable_if action=reinterpret pc=0x00000222ce397fb4 method=org.springframework.util.ConcurrentReferenceHashMap$Segment.findInChain(Lorg/springframework/util/ConcurrentReferenceHashMap$Reference;Ljava/lang/Object;I)Lorg/springframewo
Event: 8.850 Thread 0x00000222cc372800 Uncommon trap: reason=unstable_if action=reinterpret pc=0x00000222ce60f640 method=org.springframework.beans.factory.support.AbstractBeanFactory.isTypeMatch(Ljava/lang/String;Lorg/springframework/core/ResolvableType;Z)Z @ 559
Event: 9.076 Thread 0x00000222cc372800 Uncommon trap: reason=unstable_if action=reinterpret pc=0x00000222ce6bd124 method=java.lang.Class$MethodArray.addIfNotPresent(Ljava/lang/reflect/Method;)V @ 19
Event: 9.132 Thread 0x00000222cc372800 Uncommon trap: reason=unstable_if action=reinterpret pc=0x00000222ce5f5bcc method=java.lang.invoke.MethodType.checkPtypes([Ljava/lang/Class;)I @ 40
Event: 11.052 Thread 0x00000222cc372800 Uncommon trap: reason=unstable_if action=reinterpret pc=0x00000222ce35d448 method=org.springframework.util.ObjectUtils.nullSafeEquals(Ljava/lang/Object;Ljava/lang/Object;)Z @ 12
Event: 11.238 Thread 0x00000222cc372800 Uncommon trap: reason=unstable_if action=reinterpret pc=0x00000222ce77e924 method=sun.reflect.generics.reflectiveObjects.ParameterizedTypeImpl.<init>(Ljava/lang/Class;[Ljava/lang/reflect/Type;Ljava/lang/reflect/Type;)V @ 16
Event: 12.305 Thread 0x00000222cc372800 Uncommon trap: reason=unstable_if action=reinterpret pc=0x00000222ce346fb0 method=java.util.LinkedHashMap.get(Ljava/lang/Object;)Ljava/lang/Object; @ 20
Event: 12.435 Thread 0x00000222cc372800 Uncommon trap: reason=predicate action=maybe_recompile pc=0x00000222ce0f9cdc method=java.lang.String.regionMatches(ZILjava/lang/String;II)Z @ 63
Event: 13.078 Thread 0x00000222cc372800 Uncommon trap: reason=unstable_if action=reinterpret pc=0x00000222cdde8700 method=java.lang.CharacterData.of(I)Ljava/lang/CharacterData; @ 4

Classes redefined (0 events):
No events

Internal exceptions (10 events):
Event: 12.170 Thread 0x00000222cc372800 Exception <a 'java/lang/ClassNotFoundException': org/springframework/web/context/ServletContextAwareCustomizer> (0x00000000dd8262d8) thrown at [C:\jenkins\workspace\8-2-build-windows-amd64-cygwin\jdk8u291\1294\hotspot\src\share\vm\classfile\systemDictiona
Event: 12.171 Thread 0x00000222cc372800 Exception <a 'java/lang/ClassNotFoundException': org/springframework/beans/factory/AwareCustomizer> (0x00000000dd83c408) thrown at [C:\jenkins\workspace\8-2-build-windows-amd64-cygwin\jdk8u291\1294\hotspot\src\share\vm\classfile\systemDictionary.cpp, line
Event: 12.173 Thread 0x00000222cc372800 Exception <a 'java/lang/ClassNotFoundException': org/springframework/beans/factory/InitializingBeanCustomizer> (0x00000000dd854208) thrown at [C:\jenkins\workspace\8-2-build-windows-amd64-cygwin\jdk8u291\1294\hotspot\src\share\vm\classfile\systemDictionar
Event: 12.174 Thread 0x00000222cc372800 Exception <a 'java/lang/ClassNotFoundException': org/springframework/beans/factory/DisposableBeanCustomizer> (0x00000000dd86b9d8) thrown at [C:\jenkins\workspace\8-2-build-windows-amd64-cygwin\jdk8u291\1294\hotspot\src\share\vm\classfile\systemDictionary.
Event: 12.183 Thread 0x00000222cc372800 Exception <a 'java/lang/ClassNotFoundException': java/lang/ObjectCustomizer> (0x00000000dd891f40) thrown at [C:\jenkins\workspace\8-2-build-windows-amd64-cygwin\jdk8u291\1294\hotspot\src\share\vm\classfile\systemDictionary.cpp, line 212]
Event: 12.185 Thread 0x00000222cc372800 Exception <a 'java/lang/ClassNotFoundException': org/springframework/web/multipart/support/StandardServletMultipartResolverCustomizer> (0x00000000dd8b3298) thrown at [C:\jenkins\workspace\8-2-build-windows-amd64-cygwin\jdk8u291\1294\hotspot\src\share\vm\c
Event: 12.187 Thread 0x00000222cc372800 Exception <a 'java/lang/ClassNotFoundException': org/springframework/web/multipart/MultipartResolverCustomizer> (0x00000000dd8d0568) thrown at [C:\jenkins\workspace\8-2-build-windows-amd64-cygwin\jdk8u291\1294\hotspot\src\share\vm\classfile\systemDictiona
Event: 12.306 Thread 0x00000222cc372800 Exception <a 'java/lang/ClassNotFoundException': java/lang/ObjectCustomizer> (0x00000000ddb266f0) thrown at [C:\jenkins\workspace\8-2-build-windows-amd64-cygwin\jdk8u291\1294\hotspot\src\share\vm\classfile\systemDictionary.cpp, line 212]
Event: 12.310 Thread 0x00000222cc372800 Exception <a 'java/lang/ClassNotFoundException': com/suggestions/test/CitiesSuggestionsApplicationTestsCustomizer> (0x00000000ddb423a8) thrown at [C:\jenkins\workspace\8-2-build-windows-amd64-cygwin\jdk8u291\1294\hotspot\src\share\vm\classfile\systemDicti
Event: 12.483 Thread 0x00000222cc372800 Exception <a 'java/lang/ClassNotFoundException': java/lang/Module> (0x00000000ddefec40) thrown at [C:\jenkins\workspace\8-2-build-windows-amd64-cygwin\jdk8u291\1294\hotspot\src\share\vm\classfile\systemDictionary.cpp, line 212]

Events (10 events):
Event: 13.075 loading class org/junit/jupiter/api/extension/ExtensionContext
Event: 13.075 loading class org/junit/jupiter/api/extension/ExtensionContext done
Event: 13.076 loading class org/junit/jupiter/engine/extension/TimeoutDurationParser
Event: 13.076 loading class org/junit/jupiter/engine/extension/TimeoutDurationParser done
Event: 13.077 loading class java/util/regex/Pattern$2
Event: 13.078 loading class java/util/regex/Pattern$2 done
Event: 13.078 Thread 0x00000222cc372800 Uncommon trap: trap_request=0xffffff65 fr.pc=0x00000222cdde8700
Event: 13.078 Thread 0x00000222cc372800 DEOPT PACKING pc=0x00000222cdde8700 sp=0x000000e0753fc090
Event: 13.078 Thread 0x00000222cc372800 DEOPT UNPACKING pc=0x00000222cdce5843 sp=0x000000e0753fc030 mode 2
Event: 13.078 loading class java/lang/CharacterData00


Dynamic libraries:
0x00007ff789340000 - 0x00007ff789387000 	C:\Program Files\Java\jdk1.8.0_291\jre\bin\java.exe
0x00007ffd64630000 - 0x00007ffd64825000 	C:\WINDOWS\SYSTEM32\ntdll.dll
0x00007ffd63030000 - 0x00007ffd630ed000 	C:\WINDOWS\System32\KERNEL32.DLL
0x00007ffd62460000 - 0x00007ffd62728000 	C:\WINDOWS\System32\KERNELBASE.dll
0x00007ffd63d30000 - 0x00007ffd63ddc000 	C:\WINDOWS\System32\ADVAPI32.dll
0x00007ffd63c90000 - 0x00007ffd63d2e000 	C:\WINDOWS\System32\msvcrt.dll
0x00007ffd62e20000 - 0x00007ffd62ebb000 	C:\WINDOWS\System32\sechost.dll
0x00007ffd62ef0000 - 0x00007ffd6301b000 	C:\WINDOWS\System32\RPCRT4.dll
0x00007ffd64450000 - 0x00007ffd645f0000 	C:\WINDOWS\System32\USER32.dll
0x00007ffd62110000 - 0x00007ffd62132000 	C:\WINDOWS\System32\win32u.dll
0x00007ffd62ba0000 - 0x00007ffd62bca000 	C:\WINDOWS\System32\GDI32.dll
0x00007ffd61e60000 - 0x00007ffd61f6b000 	C:\WINDOWS\System32\gdi32full.dll
0x00007ffd61f70000 - 0x00007ffd6200d000 	C:\WINDOWS\System32\msvcp_win.dll
0x00007ffd622a0000 - 0x00007ffd623a0000 	C:\WINDOWS\System32\ucrtbase.dll
0x00007ffd45450000 - 0x00007ffd456ea000 	C:\WINDOWS\WinSxS\amd64_microsoft.windows.common-controls_6595b64144ccf1df_6.0.19041.1052_none_60b8f8fd71f5e8cb\COMCTL32.dll
0x00007ffd62ec0000 - 0x00007ffd62ef0000 	C:\WINDOWS\System32\IMM32.DLL
0x00007ffd56bb0000 - 0x00007ffd56bc5000 	C:\Program Files\Java\jdk1.8.0_291\jre\bin\vcruntime140.dll
0x00007ffd54240000 - 0x00007ffd542db000 	C:\Program Files\Java\jdk1.8.0_291\jre\bin\msvcp140.dll
0x0000000065f90000 - 0x00000000667f0000 	C:\Program Files\Java\jdk1.8.0_291\jre\bin\server\jvm.dll
0x00007ffd63470000 - 0x00007ffd63478000 	C:\WINDOWS\System32\PSAPI.DLL
0x00007ffd5dd30000 - 0x00007ffd5dd39000 	C:\WINDOWS\SYSTEM32\WSOCK32.dll
0x00007ffd59c80000 - 0x00007ffd59ca7000 	C:\WINDOWS\SYSTEM32\WINMM.dll
0x00007ffd63de0000 - 0x00007ffd63e4b000 	C:\WINDOWS\System32\WS2_32.dll
0x00007ffd59cb0000 - 0x00007ffd59cba000 	C:\WINDOWS\SYSTEM32\VERSION.dll
0x00007ffd5fd50000 - 0x00007ffd5fd62000 	C:\WINDOWS\SYSTEM32\kernel.appcore.dll
0x00007ffd56ba0000 - 0x00007ffd56bb0000 	C:\Program Files\Java\jdk1.8.0_291\jre\bin\verify.dll
0x00007ffd56b70000 - 0x00007ffd56b9b000 	C:\Program Files\Java\jdk1.8.0_291\jre\bin\java.dll
0x00007ffd541a0000 - 0x00007ffd541b8000 	C:\Program Files\Java\jdk1.8.0_291\jre\bin\zip.dll
0x00007ffd63480000 - 0x00007ffd63bbf000 	C:\WINDOWS\System32\SHELL32.dll
0x00007ffd5ff50000 - 0x00007ffd606e0000 	C:\WINDOWS\SYSTEM32\windows.storage.dll
0x00007ffd640d0000 - 0x00007ffd64425000 	C:\WINDOWS\System32\combase.dll
0x00007ffd61800000 - 0x00007ffd6182c000 	C:\WINDOWS\SYSTEM32\Wldp.dll
0x00007ffd633c0000 - 0x00007ffd6346e000 	C:\WINDOWS\System32\SHCORE.dll
0x00007ffd63360000 - 0x00007ffd633b5000 	C:\WINDOWS\System32\shlwapi.dll
0x00007ffd61d40000 - 0x00007ffd61d5f000 	C:\WINDOWS\SYSTEM32\profapi.dll
0x00007ffd54230000 - 0x00007ffd5423d000 	C:\Program Files\Java\jdk1.8.0_291\jre\bin\management.dll
0x00007ffd54180000 - 0x00007ffd5419c000 	C:\Program Files\Java\jdk1.8.0_291\jre\bin\net.dll
0x00007ffd61510000 - 0x00007ffd6157a000 	C:\WINDOWS\system32\mswsock.dll
0x00007ffd54160000 - 0x00007ffd54173000 	C:\Program Files\Java\jdk1.8.0_291\jre\bin\nio.dll
0x00007ffd47960000 - 0x00007ffd47977000 	C:\WINDOWS\system32\napinsp.dll
0x00007ffd47940000 - 0x00007ffd4795b000 	C:\WINDOWS\system32\pnrpnsp.dll
0x00007ffd47920000 - 0x00007ffd47935000 	C:\WINDOWS\system32\wshbth.dll
0x00007ffd5d850000 - 0x00007ffd5d86d000 	C:\WINDOWS\system32\NLAapi.dll
0x00007ffd61200000 - 0x00007ffd6123b000 	C:\WINDOWS\SYSTEM32\IPHLPAPI.DLL
0x00007ffd61240000 - 0x00007ffd6130c000 	C:\WINDOWS\SYSTEM32\DNSAPI.dll
0x00007ffd640c0000 - 0x00007ffd640c8000 	C:\WINDOWS\System32\NSI.dll
0x00007ffd478d0000 - 0x00007ffd478e2000 	C:\WINDOWS\System32\winrnr.dll
0x00007ffd53960000 - 0x00007ffd5396a000 	C:\Windows\System32\rasadhlp.dll
0x00007ffd54460000 - 0x00007ffd544df000 	C:\WINDOWS\System32\fwpuclnt.dll
0x00007ffd62430000 - 0x00007ffd62457000 	C:\WINDOWS\System32\bcrypt.dll
0x00007ffd61750000 - 0x00007ffd61768000 	C:\WINDOWS\SYSTEM32\CRYPTSP.dll
0x00007ffd60eb0000 - 0x00007ffd60ee4000 	C:\WINDOWS\system32\rsaenh.dll
0x00007ffd61d00000 - 0x00007ffd61d2e000 	C:\WINDOWS\SYSTEM32\USERENV.dll
0x00007ffd623a0000 - 0x00007ffd62423000 	C:\WINDOWS\System32\bcryptprimitives.dll
0x00007ffd61740000 - 0x00007ffd6174c000 	C:\WINDOWS\SYSTEM32\CRYPTBASE.dll
0x00007ffd58710000 - 0x00007ffd58727000 	C:\WINDOWS\SYSTEM32\dhcpcsvc6.DLL
0x00007ffd56ad0000 - 0x00007ffd56aed000 	C:\WINDOWS\SYSTEM32\dhcpcsvc.DLL
0x00007ffd58860000 - 0x00007ffd58a44000 	C:\WINDOWS\SYSTEM32\dbghelp.dll

VM Arguments:
java_command: C:\Users\MANUEL~1\AppData\Local\Temp\surefire1282042600615332238\surefirebooter972976533141912257.jar C:\Users\Manuel Angel\AppData\Local\Temp\surefire1282042600615332238 2021-07-07T00-27-47_201-jvmRun1 surefire1711628980634431376tmp surefire_0672294332254419816tmp
java_class_path (initial): C:\Users\MANUEL~1\AppData\Local\Temp\surefire1282042600615332238\surefirebooter972976533141912257.jar
Launcher Type: SUN_STANDARD

Environment Variables:
JAVA_HOME=C:\Program Files\Java\jdk1.8.0_291
PATH=C:\Program Files\Git\cmd;C:\Program Files (x86)\Common Files\Oracle\Java\javapath;C:\Program Files\Common Files\Oracle\Java\javapath;C:\Windows\system32;C:\Windows;C:\Windows\System32\Wbem;C:\Windows\System32\WindowsPowerShell\v1.0\;C:\Program Files\Microsoft SQL Server\130\Tools\Binn\;C:\Program Files\Microsoft SQL Server\Client SDK\ODBC\170\Tools\Binn\;C:\Program Files\Microsoft\Web Platform Installer\;C:\Program Files (x86)\Intel\OpenCL SDK\2.0\bin\x86;C:\Program Files (x86)\Intel\OpenCL SDK\2.0\bin\x64;C:\Program Files (x86)\NVIDIA Corporation\PhysX\Common;C:\xampp\php;C:\composer;C:\Program Files\nodejs\;C:\Program Files\Git\cmd;C:\WINDOWS\system32;C:\WINDOWS;C:\WINDOWS\System32\Wbem;C:\WINDOWS\System32\WindowsPowerShell\v1.0\;C:\WINDOWS\System32\OpenSSH\;C:\Program Files\Azure Data Studio\bin;C:\Program Files (x86)\Microsoft SQL Server\150\Tools\Binn\;C:\Program Files\Microsoft SQL Server\150\Tools\Binn\;C:\Program Files\Microsoft SQL Server\150\DTS\Binn\;C:\Program Files\dotnet\;C:\Program Files\Java\jdk1.8.0_291\bin;C:\Program Files\Apache Software Foundation\apache-maven-3.8.1-bin\apache-maven-3.8.1\bin;C:\Users\Manuel Angel\AppData\Local\Programs\Microsoft VS Code\bin;C:\Users\Manuel Angel\AppData\Roaming\npm;C:\Users\Manuel Angel\AppData\Local\Microsoft\WindowsApps;C:\Program Files\Azure Data Studio\bin;C:\Users\Manuel Angel\.dotnet\tools;C:\Users\Manuel Angel\AppData\Local\Google\Cloud SDK\google-cloud-sdk\bin
USERNAME=Manuel Angel
OS=Windows_NT
PROCESSOR_IDENTIFIER=AMD64 Family 21 Model 96 Stepping 1, AuthenticAMD



---------------  S Y S T E M  ---------------

OS: Windows 10.0 , 64 bit Build 19041 (10.0.19041.1023)

CPU:total 4 (initial active 4) (4 cores per cpu, 1 threads per core) family 21 model 96 stepping 1, cmov, cx8, fxsr, mmx, sse, sse2, sse3, ssse3, sse4.1, sse4.2, popcnt, avx, avx2, aes, clmul, mmxext, 3dnowpref, lzcnt, sse4a, tsc, tscinvbit, tscinv, bmi1

Memory: 4k page, physical 7276708k(1067688k free), swap 13306020k(4664496k free)

vm_info: Java HotSpot(TM) 64-Bit Server VM (25.291-b10) for windows-amd64 JRE (1.8.0_291-b10), built on Apr  9 2021 00:02:00 by "java_re" with MS VC++ 15.9 (VS2017)

time: Wed Jul  7 00:28:01 2021
timezone: Hora verano, Montañas (México)
elapsed time: 13.123209 seconds (0d 0h 0m 13s)

